<?xml version="1.0" encoding="UTF-8"?>
<!-- Generated by org.testng.reporters.JUnitReportReporter -->
<testsuite hostname="DESKTOP-1I78L95" failures="0" tests="1" name="com.company.selenium_java.Handling_Frames" time="22.736" errors="0" timestamp="25 Jul 2022 11:06:40 GMT" skipped="0">
  <testcase classname="com.company.selenium_java.Handling_Frames" name="framesAddress" time="22.736"/>
</testsuite> <!-- com.company.selenium_java.Handling_Frames -->
