<?xml version="1.0" encoding="UTF-8"?>
<!-- Generated by org.testng.reporters.JUnitReportReporter -->
<testsuite hostname="DESKTOP-1I78L95" failures="0" tests="1" name="com.company.selenium_java.Action_Class_Methods" time="33.619" errors="0" timestamp="03 Aug 2022 21:57:35 GMT" skipped="0">
  <testcase classname="com.company.selenium_java.Action_Class_Methods" name="gmail_contextClick_mailArchive" time="33.619"/>
</testsuite> <!-- com.company.selenium_java.Action_Class_Methods -->
