<?xml version="1.0" encoding="UTF-8"?>
<!-- Generated by org.testng.reporters.JUnitReportReporter -->
<testsuite hostname="DESKTOP-1I78L95" failures="0" tests="1" name="com.company.selenium_java.TestNG_AnnotationTest" time="0.006" errors="0" timestamp="05 Aug 2022 19:18:02 GMT" skipped="0">
  <testcase classname="com.company.selenium_java.TestNG_AnnotationTest" name="test" time="0.006"/>
</testsuite> <!-- com.company.selenium_java.TestNG_AnnotationTest -->
