<?xml version="1.0" encoding="UTF-8"?>
<!-- Generated by org.testng.reporters.JUnitReportReporter -->
<testsuite hostname="DESKTOP-1I78L95" failures="0" tests="1" name="com.company.selenium_java.ChildBrowserPopupTest" time="10.491" errors="0" timestamp="02 Aug 2022 10:21:23 GMT" skipped="0">
  <testcase classname="com.company.selenium_java.ChildBrowserPopupTest" name="HandleTabs_using_getWindowHandles" time="10.491"/>
</testsuite> <!-- com.company.selenium_java.ChildBrowserPopupTest -->
