<?xml version="1.0" encoding="UTF-8"?>
<!-- Generated by org.testng.reporters.JUnitReportReporter -->
<testsuite hostname="DESKTOP-1I78L95" failures="0" tests="1" name="com.company.selenium_java.FaceBook_SignUp" time="43.615" errors="0" timestamp="22 Jul 2022 08:51:35 GMT" skipped="0">
  <testcase classname="com.company.selenium_java.FaceBook_SignUp" name="login" time="43.615"/>
</testsuite> <!-- com.company.selenium_java.FaceBook_SignUp -->
