<?xml version="1.0" encoding="UTF-8"?>
<!-- Generated by org.testng.reporters.JUnitReportReporter -->
<testsuite hostname="DESKTOP-1I78L95" failures="0" tests="1" name="com.company.selenium_java.FBWebElement_InterfaceMethods" time="15.146" errors="0" timestamp="22 Jul 2022 09:21:28 GMT" skipped="0">
  <testcase classname="com.company.selenium_java.FBWebElement_InterfaceMethods" name="VerifyFB_UNandPWDfieldsAreAligned_intheSameRow" time="15.146"/>
</testsuite> <!-- com.company.selenium_java.FBWebElement_InterfaceMethods -->
