<?xml version="1.0" encoding="UTF-8"?>
<!-- Generated by org.testng.reporters.JUnitReportReporter -->
<testsuite hostname="DESKTOP-1I78L95" failures="0" tests="1" name="com.company.selenium_java.FB_Verify_HomePage_Using_URL" time="25.847" errors="0" timestamp="22 Jul 2022 09:10:37 GMT" skipped="0">
  <testcase classname="com.company.selenium_java.FB_Verify_HomePage_Using_URL" name="verifyhomepage" time="25.847"/>
</testsuite> <!-- com.company.selenium_java.FB_Verify_HomePage_Using_URL -->
