<?xml version="1.0" encoding="UTF-8"?>
<!-- Generated by org.testng.reporters.JUnitReportReporter -->
<testsuite hostname="DESKTOP-1I78L95" failures="0" tests="1" name="com.company.selenium_java.Robot_Class" time="32.082" errors="0" timestamp="22 Jul 2022 09:05:50 GMT" skipped="0">
  <testcase classname="com.company.selenium_java.Robot_Class" name="mouseAndKeyboard" time="32.082"/>
</testsuite> <!-- com.company.selenium_java.Robot_Class -->
