<?xml version="1.0" encoding="UTF-8"?>
<!-- Generated by org.testng.reporters.JUnitReportReporter -->
<testsuite hostname="DESKTOP-1I78L95" failures="0" tests="1" name="com.company.selenium_java.TextBoxAndRemoveValue" time="29.465" errors="0" timestamp="22 Jul 2022 17:53:40 GMT" skipped="0">
  <testcase classname="com.company.selenium_java.TextBoxAndRemoveValue" name="getCssValue" time="29.465"/>
</testsuite> <!-- com.company.selenium_java.TextBoxAndRemoveValue -->
