<?xml version="1.0" encoding="UTF-8"?>
<!-- Generated by org.testng.reporters.JUnitReportReporter -->
<testsuite hostname="DESKTOP-1I78L95" failures="0" tests="1" name="com.company.selenium_java.WebTableTest" time="0.433" errors="0" timestamp="04 Aug 2022 07:48:33 GMT" skipped="0">
  <testcase classname="com.company.selenium_java.WebTableTest" name="web_Table" time="0.433"/>
</testsuite> <!-- com.company.selenium_java.WebTableTest -->
