<?xml version="1.0" encoding="UTF-8"?>
<!-- Generated by org.testng.reporters.JUnitReportReporter -->
<testsuite hostname="DESKTOP-1I78L95" failures="0" tests="1" name="com.company.selenium_java.FileUpload" time="4.703" errors="0" timestamp="03 Aug 2022 21:53:11 GMT" skipped="0">
  <testcase classname="com.company.selenium_java.FileUpload" name="autoIt_UploadFile" time="4.703"/>
</testsuite> <!-- com.company.selenium_java.FileUpload -->
