<?xml version="1.0" encoding="UTF-8"?>
<!-- Generated by org.testng.reporters.JUnitReportReporter -->
<testsuite hostname="DESKTOP-1I78L95" failures="0" tests="1" name="com.company.selenium_java.File_Download" time="44.449" errors="0" timestamp="03 Aug 2022 22:00:15 GMT" skipped="0">
  <testcase classname="com.company.selenium_java.File_Download" name="FileDownload" time="44.449"/>
</testsuite> <!-- com.company.selenium_java.File_Download -->
