<?xml version="1.0" encoding="UTF-8"?>
<!-- Generated by org.testng.reporters.JUnitReportReporter -->
<testsuite hostname="DESKTOP-1I78L95" failures="0" tests="1" name="com.company.selenium_java.JS_Executors" time="20.028" errors="0" timestamp="22 Jul 2022 21:06:04 GMT" skipped="0">
  <testcase classname="com.company.selenium_java.JS_Executors" name="ScrollDownTo_SpecificElemnt" time="20.028"/>
</testsuite> <!-- com.company.selenium_java.JS_Executors -->
