<?xml version="1.0" encoding="UTF-8"?>
<!-- Generated by org.testng.reporters.JUnitReportReporter -->
<testsuite hostname="DESKTOP-1I78L95" failures="0" tests="1" name="com.company.selenium_java.ListBox_Test" time="0.684" errors="0" timestamp="03 Aug 2022 20:15:46 GMT" skipped="0">
  <testcase classname="com.company.selenium_java.ListBox_Test" name="HashMapExample_printtheOcuuranceOfPoori" time="0.684"/>
</testsuite> <!-- com.company.selenium_java.ListBox_Test -->
