<?xml version="1.0" encoding="UTF-8"?>
<!-- Generated by org.testng.reporters.JUnitReportReporter -->
<testsuite hostname="DESKTOP-1I78L95" failures="0" tests="1" name="com.company.selenium_java.Facebook_xpath" time="37.323" errors="0" timestamp="22 Jul 2022 09:16:21 GMT" skipped="0">
  <testcase classname="com.company.selenium_java.Facebook_xpath" name="login" time="37.323"/>
</testsuite> <!-- com.company.selenium_java.Facebook_xpath -->
