<?xml version="1.0" encoding="UTF-8"?>
<!-- Generated by org.testng.reporters.JUnitReportReporter -->
<testsuite hostname="DESKTOP-1I78L95" failures="0" tests="1" name="com.company.selenium_java.Take_ScreenShots" time="169.556" errors="0" timestamp="23 Jul 2022 04:29:28 GMT" skipped="0">
  <testcase classname="com.company.selenium_java.Take_ScreenShots" name="screenShot" time="169.556"/>
</testsuite> <!-- com.company.selenium_java.Take_ScreenShots -->
